e:\cjhfiles\c++\gamesimpleplantsvszombies\gamesimpleplantsvszombies\gamesimpleplantsvszombies\debug\vc143.pdb
e:\cjhfiles\c++\gamesimpleplantsvszombies\gamesimpleplantsvszombies\gamesimpleplantsvszombies\debug\vc143.idb
e:\cjhfiles\c++\gamesimpleplantsvszombies\gamesimpleplantsvszombies\gamesimpleplantsvszombies\debug\fontmanager.obj
e:\cjhfiles\c++\gamesimpleplantsvszombies\gamesimpleplantsvszombies\gamesimpleplantsvszombies\debug\eventhandlers.obj
e:\cjhfiles\c++\gamesimpleplantsvszombies\gamesimpleplantsvszombies\gamesimpleplantsvszombies\debug\componentbase.obj
e:\cjhfiles\c++\gamesimpleplantsvszombies\gamesimpleplantsvszombies\gamesimpleplantsvszombies\debug\color.obj
e:\cjhfiles\c++\gamesimpleplantsvszombies\gamesimpleplantsvszombies\gamesimpleplantsvszombies\debug\collisionquadtree.obj
e:\cjhfiles\c++\gamesimpleplantsvszombies\gamesimpleplantsvszombies\gamesimpleplantsvszombies\debug\collisionmanager.obj
e:\cjhfiles\c++\gamesimpleplantsvszombies\gamesimpleplantsvszombies\gamesimpleplantsvszombies\debug\colliderbase.obj
e:\cjhfiles\c++\gamesimpleplantsvszombies\gamesimpleplantsvszombies\gamesimpleplantsvszombies\debug\chooseboxscript.obj
e:\cjhfiles\c++\gamesimpleplantsvszombies\gamesimpleplantsvszombies\gamesimpleplantsvszombies\debug\choosebox.obj
e:\cjhfiles\c++\gamesimpleplantsvszombies\gamesimpleplantsvszombies\gamesimpleplantsvszombies\debug\cardscript.obj
e:\cjhfiles\c++\gamesimpleplantsvszombies\gamesimpleplantsvszombies\gamesimpleplantsvszombies\debug\cardbankscript.obj
e:\cjhfiles\c++\gamesimpleplantsvszombies\gamesimpleplantsvszombies\gamesimpleplantsvszombies\debug\cardbank.obj
e:\cjhfiles\c++\gamesimpleplantsvszombies\gamesimpleplantsvszombies\gamesimpleplantsvszombies\debug\card.obj
e:\cjhfiles\c++\gamesimpleplantsvszombies\gamesimpleplantsvszombies\gamesimpleplantsvszombies\debug\imagebutton.obj
e:\cjhfiles\c++\gamesimpleplantsvszombies\gamesimpleplantsvszombies\gamesimpleplantsvszombies\debug\cardinfo.obj
e:\cjhfiles\c++\gamesimpleplantsvszombies\gamesimpleplantsvszombies\gamesimpleplantsvszombies\debug\button.obj
e:\cjhfiles\c++\gamesimpleplantsvszombies\gamesimpleplantsvszombies\gamesimpleplantsvszombies\debug\boxcollider.obj
e:\cjhfiles\c++\gamesimpleplantsvszombies\gamesimpleplantsvszombies\gamesimpleplantsvszombies\debug\basicinputdevice.obj
e:\cjhfiles\c++\gamesimpleplantsvszombies\gamesimpleplantsvszombies\gamesimpleplantsvszombies\debug\animator.obj
e:\cjhfiles\c++\gamesimpleplantsvszombies\gamesimpleplantsvszombies\gamesimpleplantsvszombies\debug\adventurepage.obj
e:\cjhfiles\c++\gamesimpleplantsvszombies\gamesimpleplantsvszombies\gamesimpleplantsvszombies\debug\peashooter.obj
e:\cjhfiles\c++\gamesimpleplantsvszombies\gamesimpleplantsvszombies\gamesimpleplantsvszombies\debug\mousestate.obj
e:\cjhfiles\c++\gamesimpleplantsvszombies\gamesimpleplantsvszombies\gamesimpleplantsvszombies\debug\mathbase.obj
e:\cjhfiles\c++\gamesimpleplantsvszombies\gamesimpleplantsvszombies\gamesimpleplantsvszombies\debug\mainmenuscene.obj
e:\cjhfiles\c++\gamesimpleplantsvszombies\gamesimpleplantsvszombies\gamesimpleplantsvszombies\debug\main.obj
e:\cjhfiles\c++\gamesimpleplantsvszombies\gamesimpleplantsvszombies\gamesimpleplantsvszombies\debug\loadingsliderprefab.obj
e:\cjhfiles\c++\gamesimpleplantsvszombies\gamesimpleplantsvszombies\gamesimpleplantsvszombies\debug\loadingpagescene.obj
e:\cjhfiles\c++\gamesimpleplantsvszombies\gamesimpleplantsvszombies\gamesimpleplantsvszombies\debug\levelbackgroundscript.obj
e:\cjhfiles\c++\gamesimpleplantsvszombies\gamesimpleplantsvszombies\gamesimpleplantsvszombies\debug\levelbackground.obj
e:\cjhfiles\c++\gamesimpleplantsvszombies\gamesimpleplantsvszombies\gamesimpleplantsvszombies\debug\keyboardstate.obj
e:\cjhfiles\c++\gamesimpleplantsvszombies\gamesimpleplantsvszombies\gamesimpleplantsvszombies\debug\irenderer.obj
e:\cjhfiles\c++\gamesimpleplantsvszombies\gamesimpleplantsvszombies\gamesimpleplantsvszombies\debug\ipointer.obj
e:\cjhfiles\c++\gamesimpleplantsvszombies\gamesimpleplantsvszombies\gamesimpleplantsvszombies\debug\input.obj
e:\cjhfiles\c++\gamesimpleplantsvszombies\gamesimpleplantsvszombies\gamesimpleplantsvszombies\debug\imagemanagement.obj
e:\cjhfiles\c++\gamesimpleplantsvszombies\gamesimpleplantsvszombies\gamesimpleplantsvszombies\debug\icollider.obj
e:\cjhfiles\c++\gamesimpleplantsvszombies\gamesimpleplantsvszombies\gamesimpleplantsvszombies\debug\growplantscript.obj
e:\cjhfiles\c++\gamesimpleplantsvszombies\gamesimpleplantsvszombies\gamesimpleplantsvszombies\debug\growplant.obj
e:\cjhfiles\c++\gamesimpleplantsvszombies\gamesimpleplantsvszombies\gamesimpleplantsvszombies\debug\gravebutton.obj
e:\cjhfiles\c++\gamesimpleplantsvszombies\gamesimpleplantsvszombies\gamesimpleplantsvszombies\debug\gameobject.obj
e:\cjhfiles\c++\gamesimpleplantsvszombies\gamesimpleplantsvszombies\gamesimpleplantsvszombies\debug\game.obj
e:\cjhfiles\c++\gamesimpleplantsvszombies\gamesimpleplantsvszombies\gamesimpleplantsvszombies\debug\texturerender.obj
e:\cjhfiles\c++\gamesimpleplantsvszombies\gamesimpleplantsvszombies\gamesimpleplantsvszombies\debug\texture.obj
e:\cjhfiles\c++\gamesimpleplantsvszombies\gamesimpleplantsvszombies\gamesimpleplantsvszombies\debug\textcomponent.obj
e:\cjhfiles\c++\gamesimpleplantsvszombies\gamesimpleplantsvszombies\gamesimpleplantsvszombies\debug\textbutton.obj
e:\cjhfiles\c++\gamesimpleplantsvszombies\gamesimpleplantsvszombies\gamesimpleplantsvszombies\debug\sunflower.obj
e:\cjhfiles\c++\gamesimpleplantsvszombies\gamesimpleplantsvszombies\gamesimpleplantsvszombies\debug\spriteanimator.obj
e:\cjhfiles\c++\gamesimpleplantsvszombies\gamesimpleplantsvszombies\gamesimpleplantsvszombies\debug\slidercomponent.obj
e:\cjhfiles\c++\gamesimpleplantsvszombies\gamesimpleplantsvszombies\gamesimpleplantsvszombies\debug\size2.obj
e:\cjhfiles\c++\gamesimpleplantsvszombies\gamesimpleplantsvszombies\gamesimpleplantsvszombies\debug\shovelscript.obj
e:\cjhfiles\c++\gamesimpleplantsvszombies\gamesimpleplantsvszombies\gamesimpleplantsvszombies\debug\script02.obj
e:\cjhfiles\c++\gamesimpleplantsvszombies\gamesimpleplantsvszombies\gamesimpleplantsvszombies\debug\script01.obj
e:\cjhfiles\c++\gamesimpleplantsvszombies\gamesimpleplantsvszombies\gamesimpleplantsvszombies\debug\scenemanager.obj
e:\cjhfiles\c++\gamesimpleplantsvszombies\gamesimpleplantsvszombies\gamesimpleplantsvszombies\debug\scenebase.obj
e:\cjhfiles\c++\gamesimpleplantsvszombies\gamesimpleplantsvszombies\gamesimpleplantsvszombies\debug\rendermanager.obj
e:\cjhfiles\c++\gamesimpleplantsvszombies\gamesimpleplantsvszombies\gamesimpleplantsvszombies\debug\rectangle.obj
e:\cjhfiles\c++\gamesimpleplantsvszombies\gamesimpleplantsvszombies\gamesimpleplantsvszombies\debug\prefabpack.obj
e:\cjhfiles\c++\gamesimpleplantsvszombies\gamesimpleplantsvszombies\gamesimpleplantsvszombies\debug\prefabmanager.obj
e:\cjhfiles\c++\gamesimpleplantsvszombies\gamesimpleplantsvszombies\gamesimpleplantsvszombies\debug\prefab.obj
e:\cjhfiles\c++\gamesimpleplantsvszombies\gamesimpleplantsvszombies\gamesimpleplantsvszombies\debug\pollevent.obj
e:\cjhfiles\c++\gamesimpleplantsvszombies\gamesimpleplantsvszombies\gamesimpleplantsvszombies\debug\plantsmanager.obj
e:\cjhfiles\c++\gamesimpleplantsvszombies\gamesimpleplantsvszombies\gamesimpleplantsvszombies\debug\window.obj
e:\cjhfiles\c++\gamesimpleplantsvszombies\gamesimpleplantsvszombies\gamesimpleplantsvszombies\debug\vector2.obj
e:\cjhfiles\c++\gamesimpleplantsvszombies\gamesimpleplantsvszombies\gamesimpleplantsvszombies\debug\turfscript.obj
e:\cjhfiles\c++\gamesimpleplantsvszombies\gamesimpleplantsvszombies\gamesimpleplantsvszombies\debug\transformcomponent.obj
e:\cjhfiles\c++\gamesimpleplantsvszombies\gamesimpleplantsvszombies\gamesimpleplantsvszombies\debug\time.obj
e:\cjhfiles\c++\gamesimpleplantsvszombies\gamesimpleplantsvszombies\gamesimpleplantsvszombies\debug\plantinfo.obj
e:\cjhfiles\c++\gamesimpleplantsvszombies\gamesimpleplantsvszombies\gamesimpleplantsvszombies\debug\sun.obj
e:\cjhfiles\c++\gamesimpleplantsvszombies\gamesimpleplantsvszombies\gamesimpleplantsvszombies\debug\sunflowerscript.obj
e:\cjhfiles\c++\gamesimpleplantsvszombies\gamesimpleplantsvszombies\gamesimpleplantsvszombies\debug\random.obj
e:\cjhfiles\c++\gamesimpleplantsvszombies\gamesimpleplantsvszombies\gamesimpleplantsvszombies\debug\sunscript.obj
e:\cjhfiles\c++\gamesimpleplantsvszombies\gamesimpleplantsvszombies\gamesimpleplantsvszombies\debug\suncreatorscript.obj
e:\cjhfiles\c++\gamesimpleplantsvszombies\gamesimpleplantsvszombies\gamesimpleplantsvszombies\debug\zombiesmanager.obj
e:\cjhfiles\c++\gamesimpleplantsvszombies\gamesimpleplantsvszombies\gamesimpleplantsvszombies\debug\zombie.obj
e:\cjhfiles\c++\gamesimpleplantsvszombies\gamesimpleplantsvszombies\gamesimpleplantsvszombies\debug\levelmanager.obj
e:\cjhfiles\c++\gamesimpleplantsvszombies\gamesimpleplantsvszombies\gamesimpleplantsvszombies\debug\zombiescript.obj
e:\cjhfiles\c++\gamesimpleplantsvszombies\gamesimpleplantsvszombies\gamesimpleplantsvszombies\debug\lifescript.obj
e:\cjhfiles\c++\gamesimpleplantsvszombies\gamesimpleplantsvszombies\gamesimpleplantsvszombies\debug\turf.obj
e:\cjhfiles\c++\gamesimpleplantsvszombies\gamesimpleplantsvszombies\gamesimpleplantsvszombies\debug\projectilepea.obj
e:\cjhfiles\c++\gamesimpleplantsvszombies\gamesimpleplantsvszombies\gamesimpleplantsvszombies\debug\peashooterscript.obj
e:\cjhfiles\c++\gamesimpleplantsvszombies\gamesimpleplantsvszombies\gamesimpleplantsvszombies\debug\projectilepeascript.obj
e:\cjhfiles\c++\gamesimpleplantsvszombies\gamesimpleplantsvszombies\gamesimpleplantsvszombies\debug\wav_file.obj
e:\cjhfiles\c++\gamesimpleplantsvszombies\gamesimpleplantsvszombies\gamesimpleplantsvszombies\debug\audiosource.obj
e:\cjhfiles\c++\gamesimpleplantsvszombies\gamesimpleplantsvszombies\gamesimpleplantsvszombies\debug\audiodevice.obj
e:\cjhfiles\c++\gamesimpleplantsvszombies\gamesimpleplantsvszombies\gamesimpleplantsvszombies\debug\flagmeter.obj
e:\cjhfiles\c++\gamesimpleplantsvszombies\gamesimpleplantsvszombies\debug\gamesimpleplantsvszombies.exe
e:\cjhfiles\c++\gamesimpleplantsvszombies\gamesimpleplantsvszombies\gamesimpleplantsvszombies\debug\gamesimpleplantsvszombies.ilk
e:\cjhfiles\c++\gamesimpleplantsvszombies\gamesimpleplantsvszombies\debug\gamesimpleplantsvszombies.pdb
e:\cjhfiles\c++\gamesimpleplantsvszombies\gamesimpleplantsvszombies\gamesimpleplantsvszombies\debug\gamesimpleplantsvszombies.res
c:\users\cjh01200203\desktop\gamesimpleplantsvszombies\gamesimpleplantsvszombies\gamesimpleplantsvszombies\gamesimpleplantsvszombies\debug\adventurepage.obj
c:\users\cjh01200203\desktop\gamesimpleplantsvszombies\gamesimpleplantsvszombies\gamesimpleplantsvszombies\gamesimpleplantsvszombies\debug\animator.obj
c:\users\cjh01200203\desktop\gamesimpleplantsvszombies\gamesimpleplantsvszombies\gamesimpleplantsvszombies\gamesimpleplantsvszombies\debug\audiodevice.obj
c:\users\cjh01200203\desktop\gamesimpleplantsvszombies\gamesimpleplantsvszombies\gamesimpleplantsvszombies\gamesimpleplantsvszombies\debug\audiomanager.obj
c:\users\cjh01200203\desktop\gamesimpleplantsvszombies\gamesimpleplantsvszombies\gamesimpleplantsvszombies\gamesimpleplantsvszombies\debug\audiosource.obj
c:\users\cjh01200203\desktop\gamesimpleplantsvszombies\gamesimpleplantsvszombies\gamesimpleplantsvszombies\gamesimpleplantsvszombies\debug\audiosourcemanager.obj
c:\users\cjh01200203\desktop\gamesimpleplantsvszombies\gamesimpleplantsvszombies\gamesimpleplantsvszombies\gamesimpleplantsvszombies\debug\basicinputdevice.obj
c:\users\cjh01200203\desktop\gamesimpleplantsvszombies\gamesimpleplantsvszombies\gamesimpleplantsvszombies\gamesimpleplantsvszombies\debug\boxcollider.obj
c:\users\cjh01200203\desktop\gamesimpleplantsvszombies\gamesimpleplantsvszombies\gamesimpleplantsvszombies\gamesimpleplantsvszombies\debug\button.obj
c:\users\cjh01200203\desktop\gamesimpleplantsvszombies\gamesimpleplantsvszombies\gamesimpleplantsvszombies\gamesimpleplantsvszombies\debug\card.obj
c:\users\cjh01200203\desktop\gamesimpleplantsvszombies\gamesimpleplantsvszombies\gamesimpleplantsvszombies\gamesimpleplantsvszombies\debug\cardbank.obj
c:\users\cjh01200203\desktop\gamesimpleplantsvszombies\gamesimpleplantsvszombies\gamesimpleplantsvszombies\gamesimpleplantsvszombies\debug\cardbankscript.obj
c:\users\cjh01200203\desktop\gamesimpleplantsvszombies\gamesimpleplantsvszombies\gamesimpleplantsvszombies\gamesimpleplantsvszombies\debug\cardinfo.obj
c:\users\cjh01200203\desktop\gamesimpleplantsvszombies\gamesimpleplantsvszombies\gamesimpleplantsvszombies\gamesimpleplantsvszombies\debug\cardscript.obj
c:\users\cjh01200203\desktop\gamesimpleplantsvszombies\gamesimpleplantsvszombies\gamesimpleplantsvszombies\gamesimpleplantsvszombies\debug\choosebox.obj
c:\users\cjh01200203\desktop\gamesimpleplantsvszombies\gamesimpleplantsvszombies\gamesimpleplantsvszombies\gamesimpleplantsvszombies\debug\chooseboxscript.obj
c:\users\cjh01200203\desktop\gamesimpleplantsvszombies\gamesimpleplantsvszombies\gamesimpleplantsvszombies\gamesimpleplantsvszombies\debug\colliderbase.obj
c:\users\cjh01200203\desktop\gamesimpleplantsvszombies\gamesimpleplantsvszombies\gamesimpleplantsvszombies\gamesimpleplantsvszombies\debug\collisionmanager.obj
c:\users\cjh01200203\desktop\gamesimpleplantsvszombies\gamesimpleplantsvszombies\gamesimpleplantsvszombies\gamesimpleplantsvszombies\debug\collisionquadtree.obj
c:\users\cjh01200203\desktop\gamesimpleplantsvszombies\gamesimpleplantsvszombies\gamesimpleplantsvszombies\gamesimpleplantsvszombies\debug\color.obj
c:\users\cjh01200203\desktop\gamesimpleplantsvszombies\gamesimpleplantsvszombies\gamesimpleplantsvszombies\gamesimpleplantsvszombies\debug\componentbase.obj
c:\users\cjh01200203\desktop\gamesimpleplantsvszombies\gamesimpleplantsvszombies\gamesimpleplantsvszombies\gamesimpleplantsvszombies\debug\eventhandlers.obj
c:\users\cjh01200203\desktop\gamesimpleplantsvszombies\gamesimpleplantsvszombies\gamesimpleplantsvszombies\gamesimpleplantsvszombies\debug\flagmeter.obj
c:\users\cjh01200203\desktop\gamesimpleplantsvszombies\gamesimpleplantsvszombies\gamesimpleplantsvszombies\gamesimpleplantsvszombies\debug\fontmanager.obj
c:\users\cjh01200203\desktop\gamesimpleplantsvszombies\gamesimpleplantsvszombies\gamesimpleplantsvszombies\gamesimpleplantsvszombies\debug\game.obj
c:\users\cjh01200203\desktop\gamesimpleplantsvszombies\gamesimpleplantsvszombies\gamesimpleplantsvszombies\gamesimpleplantsvszombies\debug\gameobject.obj
c:\users\cjh01200203\desktop\gamesimpleplantsvszombies\gamesimpleplantsvszombies\gamesimpleplantsvszombies\gamesimpleplantsvszombies\debug\gravebutton.obj
c:\users\cjh01200203\desktop\gamesimpleplantsvszombies\gamesimpleplantsvszombies\gamesimpleplantsvszombies\gamesimpleplantsvszombies\debug\growplant.obj
c:\users\cjh01200203\desktop\gamesimpleplantsvszombies\gamesimpleplantsvszombies\gamesimpleplantsvszombies\gamesimpleplantsvszombies\debug\growplantscript.obj
c:\users\cjh01200203\desktop\gamesimpleplantsvszombies\gamesimpleplantsvszombies\gamesimpleplantsvszombies\gamesimpleplantsvszombies\debug\icollider.obj
c:\users\cjh01200203\desktop\gamesimpleplantsvszombies\gamesimpleplantsvszombies\gamesimpleplantsvszombies\gamesimpleplantsvszombies\debug\imagebutton.obj
c:\users\cjh01200203\desktop\gamesimpleplantsvszombies\gamesimpleplantsvszombies\gamesimpleplantsvszombies\gamesimpleplantsvszombies\debug\imagemanagement.obj
c:\users\cjh01200203\desktop\gamesimpleplantsvszombies\gamesimpleplantsvszombies\gamesimpleplantsvszombies\gamesimpleplantsvszombies\debug\input.obj
c:\users\cjh01200203\desktop\gamesimpleplantsvszombies\gamesimpleplantsvszombies\gamesimpleplantsvszombies\gamesimpleplantsvszombies\debug\ipointer.obj
c:\users\cjh01200203\desktop\gamesimpleplantsvszombies\gamesimpleplantsvszombies\gamesimpleplantsvszombies\gamesimpleplantsvszombies\debug\irenderer.obj
c:\users\cjh01200203\desktop\gamesimpleplantsvszombies\gamesimpleplantsvszombies\gamesimpleplantsvszombies\gamesimpleplantsvszombies\debug\keyboardstate.obj
c:\users\cjh01200203\desktop\gamesimpleplantsvszombies\gamesimpleplantsvszombies\gamesimpleplantsvszombies\gamesimpleplantsvszombies\debug\levelbackground.obj
c:\users\cjh01200203\desktop\gamesimpleplantsvszombies\gamesimpleplantsvszombies\gamesimpleplantsvszombies\gamesimpleplantsvszombies\debug\levelbackgroundscript.obj
c:\users\cjh01200203\desktop\gamesimpleplantsvszombies\gamesimpleplantsvszombies\gamesimpleplantsvszombies\gamesimpleplantsvszombies\debug\levelmanager.obj
c:\users\cjh01200203\desktop\gamesimpleplantsvszombies\gamesimpleplantsvszombies\gamesimpleplantsvszombies\gamesimpleplantsvszombies\debug\lifescript.obj
c:\users\cjh01200203\desktop\gamesimpleplantsvszombies\gamesimpleplantsvszombies\gamesimpleplantsvszombies\gamesimpleplantsvszombies\debug\loadingpagescene.obj
c:\users\cjh01200203\desktop\gamesimpleplantsvszombies\gamesimpleplantsvszombies\gamesimpleplantsvszombies\gamesimpleplantsvszombies\debug\loadingsliderprefab.obj
c:\users\cjh01200203\desktop\gamesimpleplantsvszombies\gamesimpleplantsvszombies\gamesimpleplantsvszombies\gamesimpleplantsvszombies\debug\main.obj
c:\users\cjh01200203\desktop\gamesimpleplantsvszombies\gamesimpleplantsvszombies\gamesimpleplantsvszombies\gamesimpleplantsvszombies\debug\mainmenuscene.obj
c:\users\cjh01200203\desktop\gamesimpleplantsvszombies\gamesimpleplantsvszombies\gamesimpleplantsvszombies\gamesimpleplantsvszombies\debug\mathbase.obj
c:\users\cjh01200203\desktop\gamesimpleplantsvszombies\gamesimpleplantsvszombies\gamesimpleplantsvszombies\gamesimpleplantsvszombies\debug\mousestate.obj
c:\users\cjh01200203\desktop\gamesimpleplantsvszombies\gamesimpleplantsvszombies\gamesimpleplantsvszombies\gamesimpleplantsvszombies\debug\peashooter.obj
c:\users\cjh01200203\desktop\gamesimpleplantsvszombies\gamesimpleplantsvszombies\gamesimpleplantsvszombies\gamesimpleplantsvszombies\debug\peashooterscript.obj
c:\users\cjh01200203\desktop\gamesimpleplantsvszombies\gamesimpleplantsvszombies\gamesimpleplantsvszombies\gamesimpleplantsvszombies\debug\plantinfo.obj
c:\users\cjh01200203\desktop\gamesimpleplantsvszombies\gamesimpleplantsvszombies\gamesimpleplantsvszombies\gamesimpleplantsvszombies\debug\plantsmanager.obj
c:\users\cjh01200203\desktop\gamesimpleplantsvszombies\gamesimpleplantsvszombies\gamesimpleplantsvszombies\gamesimpleplantsvszombies\debug\pollevent.obj
c:\users\cjh01200203\desktop\gamesimpleplantsvszombies\gamesimpleplantsvszombies\gamesimpleplantsvszombies\gamesimpleplantsvszombies\debug\prefab.obj
c:\users\cjh01200203\desktop\gamesimpleplantsvszombies\gamesimpleplantsvszombies\gamesimpleplantsvszombies\gamesimpleplantsvszombies\debug\prefabmanager.obj
c:\users\cjh01200203\desktop\gamesimpleplantsvszombies\gamesimpleplantsvszombies\gamesimpleplantsvszombies\gamesimpleplantsvszombies\debug\prefabpack.obj
c:\users\cjh01200203\desktop\gamesimpleplantsvszombies\gamesimpleplantsvszombies\gamesimpleplantsvszombies\gamesimpleplantsvszombies\debug\projectilepea.obj
c:\users\cjh01200203\desktop\gamesimpleplantsvszombies\gamesimpleplantsvszombies\gamesimpleplantsvszombies\gamesimpleplantsvszombies\debug\projectilepeascript.obj
c:\users\cjh01200203\desktop\gamesimpleplantsvszombies\gamesimpleplantsvszombies\gamesimpleplantsvszombies\gamesimpleplantsvszombies\debug\random.obj
c:\users\cjh01200203\desktop\gamesimpleplantsvszombies\gamesimpleplantsvszombies\gamesimpleplantsvszombies\gamesimpleplantsvszombies\debug\rectangle.obj
c:\users\cjh01200203\desktop\gamesimpleplantsvszombies\gamesimpleplantsvszombies\gamesimpleplantsvszombies\gamesimpleplantsvszombies\debug\rendermanager.obj
c:\users\cjh01200203\desktop\gamesimpleplantsvszombies\gamesimpleplantsvszombies\gamesimpleplantsvszombies\gamesimpleplantsvszombies\debug\scenebase.obj
c:\users\cjh01200203\desktop\gamesimpleplantsvszombies\gamesimpleplantsvszombies\gamesimpleplantsvszombies\gamesimpleplantsvszombies\debug\scenemanager.obj
c:\users\cjh01200203\desktop\gamesimpleplantsvszombies\gamesimpleplantsvszombies\gamesimpleplantsvszombies\gamesimpleplantsvszombies\debug\script01.obj
c:\users\cjh01200203\desktop\gamesimpleplantsvszombies\gamesimpleplantsvszombies\gamesimpleplantsvszombies\gamesimpleplantsvszombies\debug\script02.obj
c:\users\cjh01200203\desktop\gamesimpleplantsvszombies\gamesimpleplantsvszombies\gamesimpleplantsvszombies\gamesimpleplantsvszombies\debug\shovelscript.obj
c:\users\cjh01200203\desktop\gamesimpleplantsvszombies\gamesimpleplantsvszombies\gamesimpleplantsvszombies\gamesimpleplantsvszombies\debug\size2.obj
c:\users\cjh01200203\desktop\gamesimpleplantsvszombies\gamesimpleplantsvszombies\gamesimpleplantsvszombies\gamesimpleplantsvszombies\debug\slidercomponent.obj
c:\users\cjh01200203\desktop\gamesimpleplantsvszombies\gamesimpleplantsvszombies\gamesimpleplantsvszombies\gamesimpleplantsvszombies\debug\spriteanimator.obj
c:\users\cjh01200203\desktop\gamesimpleplantsvszombies\gamesimpleplantsvszombies\gamesimpleplantsvszombies\gamesimpleplantsvszombies\debug\sun.obj
c:\users\cjh01200203\desktop\gamesimpleplantsvszombies\gamesimpleplantsvszombies\gamesimpleplantsvszombies\gamesimpleplantsvszombies\debug\suncreator.obj
c:\users\cjh01200203\desktop\gamesimpleplantsvszombies\gamesimpleplantsvszombies\gamesimpleplantsvszombies\gamesimpleplantsvszombies\debug\suncreatorscript.obj
c:\users\cjh01200203\desktop\gamesimpleplantsvszombies\gamesimpleplantsvszombies\gamesimpleplantsvszombies\gamesimpleplantsvszombies\debug\sunflower.obj
c:\users\cjh01200203\desktop\gamesimpleplantsvszombies\gamesimpleplantsvszombies\gamesimpleplantsvszombies\gamesimpleplantsvszombies\debug\sunflowerscript.obj
c:\users\cjh01200203\desktop\gamesimpleplantsvszombies\gamesimpleplantsvszombies\gamesimpleplantsvszombies\gamesimpleplantsvszombies\debug\sunscript.obj
c:\users\cjh01200203\desktop\gamesimpleplantsvszombies\gamesimpleplantsvszombies\gamesimpleplantsvszombies\gamesimpleplantsvszombies\debug\textbutton.obj
c:\users\cjh01200203\desktop\gamesimpleplantsvszombies\gamesimpleplantsvszombies\gamesimpleplantsvszombies\gamesimpleplantsvszombies\debug\textcomponent.obj
c:\users\cjh01200203\desktop\gamesimpleplantsvszombies\gamesimpleplantsvszombies\gamesimpleplantsvszombies\gamesimpleplantsvszombies\debug\texture.obj
c:\users\cjh01200203\desktop\gamesimpleplantsvszombies\gamesimpleplantsvszombies\gamesimpleplantsvszombies\gamesimpleplantsvszombies\debug\texturerender.obj
c:\users\cjh01200203\desktop\gamesimpleplantsvszombies\gamesimpleplantsvszombies\gamesimpleplantsvszombies\gamesimpleplantsvszombies\debug\time.obj
c:\users\cjh01200203\desktop\gamesimpleplantsvszombies\gamesimpleplantsvszombies\gamesimpleplantsvszombies\gamesimpleplantsvszombies\debug\transformcomponent.obj
c:\users\cjh01200203\desktop\gamesimpleplantsvszombies\gamesimpleplantsvszombies\gamesimpleplantsvszombies\gamesimpleplantsvszombies\debug\turf.obj
c:\users\cjh01200203\desktop\gamesimpleplantsvszombies\gamesimpleplantsvszombies\gamesimpleplantsvszombies\gamesimpleplantsvszombies\debug\turfscript.obj
c:\users\cjh01200203\desktop\gamesimpleplantsvszombies\gamesimpleplantsvszombies\gamesimpleplantsvszombies\gamesimpleplantsvszombies\debug\vector2.obj
c:\users\cjh01200203\desktop\gamesimpleplantsvszombies\gamesimpleplantsvszombies\gamesimpleplantsvszombies\gamesimpleplantsvszombies\debug\wav_file.obj
c:\users\cjh01200203\desktop\gamesimpleplantsvszombies\gamesimpleplantsvszombies\gamesimpleplantsvszombies\gamesimpleplantsvszombies\debug\window.obj
c:\users\cjh01200203\desktop\gamesimpleplantsvszombies\gamesimpleplantsvszombies\gamesimpleplantsvszombies\gamesimpleplantsvszombies\debug\zombie.obj
c:\users\cjh01200203\desktop\gamesimpleplantsvszombies\gamesimpleplantsvszombies\gamesimpleplantsvszombies\gamesimpleplantsvszombies\debug\zombiescript.obj
c:\users\cjh01200203\desktop\gamesimpleplantsvszombies\gamesimpleplantsvszombies\gamesimpleplantsvszombies\gamesimpleplantsvszombies\debug\zombiesmanager.obj
c:\users\cjh01200203\desktop\gamesimpleplantsvszombies\gamesimpleplantsvszombies\gamesimpleplantsvszombies\gamesimpleplantsvszombies\debug\adventurepage.obj.enc
c:\users\cjh01200203\desktop\gamesimpleplantsvszombies\gamesimpleplantsvszombies\gamesimpleplantsvszombies\gamesimpleplantsvszombies\debug\audiodevice.obj.enc
c:\users\cjh01200203\desktop\gamesimpleplantsvszombies\gamesimpleplantsvszombies\gamesimpleplantsvszombies\gamesimpleplantsvszombies\debug\boxcollider.obj.enc
c:\users\cjh01200203\desktop\gamesimpleplantsvszombies\gamesimpleplantsvszombies\gamesimpleplantsvszombies\gamesimpleplantsvszombies\debug\card.obj.enc
c:\users\cjh01200203\desktop\gamesimpleplantsvszombies\gamesimpleplantsvszombies\gamesimpleplantsvszombies\gamesimpleplantsvszombies\debug\cardbankscript.obj.enc
c:\users\cjh01200203\desktop\gamesimpleplantsvszombies\gamesimpleplantsvszombies\gamesimpleplantsvszombies\gamesimpleplantsvszombies\debug\choosebox.obj.enc
c:\users\cjh01200203\desktop\gamesimpleplantsvszombies\gamesimpleplantsvszombies\gamesimpleplantsvszombies\gamesimpleplantsvszombies\debug\colliderbase.obj.enc
c:\users\cjh01200203\desktop\gamesimpleplantsvszombies\gamesimpleplantsvszombies\gamesimpleplantsvszombies\gamesimpleplantsvszombies\debug\collisionquadtree.obj.enc
c:\users\cjh01200203\desktop\gamesimpleplantsvszombies\gamesimpleplantsvszombies\gamesimpleplantsvszombies\gamesimpleplantsvszombies\debug\game.obj.enc
c:\users\cjh01200203\desktop\gamesimpleplantsvszombies\gamesimpleplantsvszombies\gamesimpleplantsvszombies\gamesimpleplantsvszombies\debug\growplantscript.obj.enc
c:\users\cjh01200203\desktop\gamesimpleplantsvszombies\gamesimpleplantsvszombies\gamesimpleplantsvszombies\gamesimpleplantsvszombies\debug\levelbackground.obj.enc
c:\users\cjh01200203\desktop\gamesimpleplantsvszombies\gamesimpleplantsvszombies\gamesimpleplantsvszombies\gamesimpleplantsvszombies\debug\levelbackgroundscript.obj.enc
c:\users\cjh01200203\desktop\gamesimpleplantsvszombies\gamesimpleplantsvszombies\gamesimpleplantsvszombies\gamesimpleplantsvszombies\debug\levelmanager.obj.enc
c:\users\cjh01200203\desktop\gamesimpleplantsvszombies\gamesimpleplantsvszombies\gamesimpleplantsvszombies\gamesimpleplantsvszombies\debug\peashooter.obj.enc
c:\users\cjh01200203\desktop\gamesimpleplantsvszombies\gamesimpleplantsvszombies\gamesimpleplantsvszombies\gamesimpleplantsvszombies\debug\peashooterscript.obj.enc
c:\users\cjh01200203\desktop\gamesimpleplantsvszombies\gamesimpleplantsvszombies\gamesimpleplantsvszombies\gamesimpleplantsvszombies\debug\pollevent.obj.enc
c:\users\cjh01200203\desktop\gamesimpleplantsvszombies\gamesimpleplantsvszombies\gamesimpleplantsvszombies\gamesimpleplantsvszombies\debug\projectilepea.obj.enc
c:\users\cjh01200203\desktop\gamesimpleplantsvszombies\gamesimpleplantsvszombies\gamesimpleplantsvszombies\gamesimpleplantsvszombies\debug\projectilepeascript.obj.enc
c:\users\cjh01200203\desktop\gamesimpleplantsvszombies\gamesimpleplantsvszombies\gamesimpleplantsvszombies\gamesimpleplantsvszombies\debug\sun.obj.enc
c:\users\cjh01200203\desktop\gamesimpleplantsvszombies\gamesimpleplantsvszombies\gamesimpleplantsvszombies\gamesimpleplantsvszombies\debug\suncreatorscript.obj.enc
c:\users\cjh01200203\desktop\gamesimpleplantsvszombies\gamesimpleplantsvszombies\gamesimpleplantsvszombies\gamesimpleplantsvszombies\debug\sunflower.obj.enc
c:\users\cjh01200203\desktop\gamesimpleplantsvszombies\gamesimpleplantsvszombies\gamesimpleplantsvszombies\gamesimpleplantsvszombies\debug\sunscript.obj.enc
c:\users\cjh01200203\desktop\gamesimpleplantsvszombies\gamesimpleplantsvszombies\gamesimpleplantsvszombies\gamesimpleplantsvszombies\debug\turfscript.obj.enc
c:\users\cjh01200203\desktop\gamesimpleplantsvszombies\gamesimpleplantsvszombies\gamesimpleplantsvszombies\gamesimpleplantsvszombies\debug\wav_file.obj.enc
c:\users\cjh01200203\desktop\gamesimpleplantsvszombies\gamesimpleplantsvszombies\gamesimpleplantsvszombies\gamesimpleplantsvszombies\debug\zombie.obj.enc
c:\users\cjh01200203\desktop\gamesimpleplantsvszombies\gamesimpleplantsvszombies\gamesimpleplantsvszombies\gamesimpleplantsvszombies\debug\zombiescript.obj.enc
c:\users\cjh01200203\desktop\gamesimpleplantsvszombies\gamesimpleplantsvszombies\gamesimpleplantsvszombies\gamesimpleplantsvszombies\debug\zombiesmanager.obj.enc
c:\users\cjh01200203\desktop\gamesimpleplantsvszombies\gamesimpleplantsvszombies\gamesimpleplantsvszombies\gamesimpleplantsvszombies\debug\gamesimpleplantsvszombies.ilk
c:\users\cjh01200203\desktop\gamesimpleplantsvszombies\gamesimpleplantsvszombies\gamesimpleplantsvszombies\gamesimpleplantsvszombies\debug\gamesimpleplantsvszombies.res
c:\users\cjh01200203\desktop\gamesimpleplantsvszombies\gamesimpleplantsvszombies\gamesimpleplantsvszombies\gamesimpleplantsvszombies\debug\vc143.idb
c:\users\cjh01200203\desktop\gamesimpleplantsvszombies\gamesimpleplantsvszombies\gamesimpleplantsvszombies\gamesimpleplantsvszombies\debug\vc143.pdb
c:\users\cjh01200203\desktop\gamesimpleplantsvszombies\gamesimpleplantsvszombies\gamesimpleplantsvszombies\debug\gamesimpleplantsvszombies.pdb
c:\users\cjh01200203\desktop\gamesimpleplantsvszombies\gamesimpleplantsvszombies\gamesimpleplantsvszombies\debug\gamesimpleplantsvszombies.exe
c:\users\cjh01200203\desktop\gamesimpleplantsvszombies\gamesimpleplantsvszombies\gamesimpleplantsvszombies\gamesimpleplantsvszombies\debug\gamesimp.05598eef.tlog\cl.command.1.tlog
c:\users\cjh01200203\desktop\gamesimpleplantsvszombies\gamesimpleplantsvszombies\gamesimpleplantsvszombies\gamesimpleplantsvszombies\debug\gamesimp.05598eef.tlog\cl.items.tlog
c:\users\cjh01200203\desktop\gamesimpleplantsvszombies\gamesimpleplantsvszombies\gamesimpleplantsvszombies\gamesimpleplantsvszombies\debug\gamesimp.05598eef.tlog\cl.read.1.tlog
c:\users\cjh01200203\desktop\gamesimpleplantsvszombies\gamesimpleplantsvszombies\gamesimpleplantsvszombies\gamesimpleplantsvszombies\debug\gamesimp.05598eef.tlog\cl.write.1.tlog
c:\users\cjh01200203\desktop\gamesimpleplantsvszombies\gamesimpleplantsvszombies\gamesimpleplantsvszombies\gamesimpleplantsvszombies\debug\gamesimp.05598eef.tlog\link.command.1.tlog
c:\users\cjh01200203\desktop\gamesimpleplantsvszombies\gamesimpleplantsvszombies\gamesimpleplantsvszombies\gamesimpleplantsvszombies\debug\gamesimp.05598eef.tlog\link.read.1.tlog
c:\users\cjh01200203\desktop\gamesimpleplantsvszombies\gamesimpleplantsvszombies\gamesimpleplantsvszombies\gamesimpleplantsvszombies\debug\gamesimp.05598eef.tlog\link.write.1.tlog
c:\users\cjh01200203\desktop\gamesimpleplantsvszombies\gamesimpleplantsvszombies\gamesimpleplantsvszombies\gamesimpleplantsvszombies\debug\gamesimp.05598eef.tlog\rc.command.1.tlog
c:\users\cjh01200203\desktop\gamesimpleplantsvszombies\gamesimpleplantsvszombies\gamesimpleplantsvszombies\gamesimpleplantsvszombies\debug\gamesimp.05598eef.tlog\rc.read.1.tlog
c:\users\cjh01200203\desktop\gamesimpleplantsvszombies\gamesimpleplantsvszombies\gamesimpleplantsvszombies\gamesimpleplantsvszombies\debug\gamesimp.05598eef.tlog\rc.write.1.tlog
